TN:
SF:C:\projects\react\fdmg-ts-react-ab\components\AB.tsx
FNF:0
FNH:0
DA:1,1
DA:2,1
DA:3,1
DA:5,1
LF:4
LH:4
BRF:0
BRH:0
end_of_record
TN:
SF:C:\projects\react\fdmg-ts-react-ab\components\ABProvider.tsx
FN:11,(anonymous_1)
FN:19,ABProvider
FNF:2
FNH:1
FNDA:1,(anonymous_1)
FNDA:0,ABProvider
DA:1,1
DA:2,1
DA:3,1
DA:9,1
DA:19,1
DA:20,0
DA:22,0
LF:7
LH:5
BRDA:20,0,0,0
BRDA:20,0,1,0
BRF:2
BRH:0
end_of_record
TN:
SF:C:\projects\react\fdmg-ts-react-ab\components\Debug.tsx
FN:27,Debug
FN:28,handleRemoveExperiment
FN:52,(anonymous_3)
FNF:3
FNH:0
FNDA:0,Debug
FNDA:0,handleRemoveExperiment
FNDA:0,(anonymous_3)
DA:1,1
DA:2,1
DA:4,1
DA:25,1
DA:27,1
DA:29,0
DA:32,0
DA:52,0
LF:8
LH:5
BRF:0
BRH:0
end_of_record
TN:
SF:C:\projects\react\fdmg-ts-react-ab\components\Experiment.tsx
FN:36,pickVariant
FN:43,Experiment
FN:55,(anonymous_7)
FN:73,(anonymous_8)
FN:88,removeExperiment
FN:102,(anonymous_10)
FN:104,(anonymous_11)
FN:116,(anonymous_12)
FN:130,(anonymous_13)
FN:137,(anonymous_14)
FN:145,debugChange
FNF:11
FNH:5
FNDA:0,pickVariant
FNDA:2,Experiment
FNDA:1,(anonymous_7)
FNDA:2,(anonymous_8)
FNDA:0,removeExperiment
FNDA:4,(anonymous_10)
FNDA:0,(anonymous_11)
FNDA:1,(anonymous_12)
FNDA:0,(anonymous_13)
FNDA:0,(anonymous_14)
FNDA:0,debugChange
DA:1,1
DA:3,1
DA:4,1
DA:5,1
DA:6,1
DA:37,0
DA:38,0
DA:41,1
DA:43,1
DA:44,2
DA:45,2
DA:46,2
DA:49,2
DA:55,2
DA:56,1
DA:57,1
DA:60,1
DA:62,1
DA:73,2
DA:74,2
DA:75,1
DA:76,1
DA:77,1
DA:79,1
DA:80,1
DA:89,0
DA:90,0
DA:91,0
DA:93,0
DA:94,0
DA:95,0
DA:102,2
DA:103,4
DA:108,0
DA:109,0
DA:112,0
DA:113,0
DA:117,1
DA:118,0
DA:120,1
DA:121,0
DA:130,2
DA:131,0
DA:137,2
DA:138,0
DA:146,0
DA:149,2
LF:47
LH:30
BRDA:46,0,0,0
BRDA:46,0,1,2
BRDA:56,1,0,1
BRDA:56,1,1,0
BRDA:58,2,0,1
BRDA:58,2,1,0
BRDA:64,3,0,1
BRDA:64,3,1,0
BRDA:74,4,0,1
BRDA:74,4,1,1
BRDA:76,5,0,1
BRDA:76,5,1,0
BRDA:90,6,0,0
BRDA:90,6,1,0
BRDA:93,7,0,0
BRDA:93,7,1,0
BRDA:108,8,0,0
BRDA:108,8,1,0
BRDA:112,9,0,0
BRDA:112,9,1,0
BRDA:117,10,0,0
BRDA:117,10,1,1
BRDA:120,11,0,0
BRDA:120,11,1,1
BRDA:151,12,0,0
BRDA:151,12,1,2
BRDA:152,13,0,1
BRDA:152,13,1,1
BRDA:155,14,0,0
BRDA:155,14,1,2
BRDA:154,15,0,2
BRDA:154,15,1,2
BRDA:171,16,0,0
BRDA:171,16,1,0
BRDA:177,17,0,0
BRDA:177,17,1,2
BRDA:176,18,0,2
BRDA:176,18,1,2
BRF:38
BRH:18
end_of_record
TN:
SF:C:\projects\react\fdmg-ts-react-ab\components\Variant.tsx
FN:13,Variant
FN:14,(anonymous_2)
FN:19,(anonymous_3)
FN:21,(anonymous_4)
FNF:4
FNH:3
FNDA:1,Variant
FNDA:1,(anonymous_2)
FNDA:1,(anonymous_3)
FNDA:0,(anonymous_4)
DA:1,1
DA:13,1
DA:14,1
DA:15,1
DA:16,1
DA:19,1
DA:20,1
DA:22,0
DA:23,0
DA:26,0
DA:27,0
DA:32,1
LF:12
LH:8
BRDA:15,0,0,1
BRDA:15,0,1,0
BRDA:22,1,0,0
BRDA:22,1,1,0
BRDA:26,2,0,0
BRDA:26,2,1,0
BRF:6
BRH:1
end_of_record
